2025-12-22 00:14:44.100 [HikariPool-1 housekeeper] WARN  com.zaxxer.hikari.pool.HikariPool - HikariPool-1 - Thread starvation or clock leap detected (housekeeper delta=16m50s796ms).
2025-12-22 00:30:47.213 [HikariPool-1 housekeeper] WARN  com.zaxxer.hikari.pool.HikariPool - HikariPool-1 - Thread starvation or clock leap detected (housekeeper delta=15m33s112ms).
2025-12-22 00:48:04.254 [HikariPool-1 housekeeper] WARN  com.zaxxer.hikari.pool.HikariPool - HikariPool-1 - Thread starvation or clock leap detected (housekeeper delta=16m47s22ms).
2025-12-22 00:57:11.246 [HikariPool-1 housekeeper] WARN  com.zaxxer.hikari.pool.HikariPool - HikariPool-1 - Thread starvation or clock leap detected (housekeeper delta=9m6s992ms).
2025-12-22 01:16:00.635 [HikariPool-1 housekeeper] WARN  com.zaxxer.hikari.pool.HikariPool - HikariPool-1 - Thread starvation or clock leap detected (housekeeper delta=18m19s383ms).
2025-12-22 01:33:02.374 [HikariPool-1 housekeeper] WARN  com.zaxxer.hikari.pool.HikariPool - HikariPool-1 - Thread starvation or clock leap detected (housekeeper delta=17m1s739ms).
2025-12-22 01:48:58.044 [HikariPool-1 housekeeper] WARN  com.zaxxer.hikari.pool.HikariPool - HikariPool-1 - Thread starvation or clock leap detected (housekeeper delta=15m55s670ms).
2025-12-22 02:05:25.038 [HikariPool-1 housekeeper] WARN  com.zaxxer.hikari.pool.HikariPool - HikariPool-1 - Thread starvation or clock leap detected (housekeeper delta=16m26s994ms).
2025-12-22 02:22:16.963 [HikariPool-1 housekeeper] WARN  com.zaxxer.hikari.pool.HikariPool - HikariPool-1 - Thread starvation or clock leap detected (housekeeper delta=16m51s925ms).
2025-12-22 02:38:59.005 [HikariPool-1 housekeeper] WARN  com.zaxxer.hikari.pool.HikariPool - HikariPool-1 - Thread starvation or clock leap detected (housekeeper delta=16m12s34ms).
2025-12-22 02:56:43.044 [HikariPool-1 housekeeper] WARN  com.zaxxer.hikari.pool.HikariPool - HikariPool-1 - Thread starvation or clock leap detected (housekeeper delta=17m14s15ms).
2025-12-22 03:12:33.995 [HikariPool-1 housekeeper] WARN  com.zaxxer.hikari.pool.HikariPool - HikariPool-1 - Thread starvation or clock leap detected (housekeeper delta=15m50s951ms).
2025-12-22 03:29:34.947 [HikariPool-1 housekeeper] WARN  com.zaxxer.hikari.pool.HikariPool - HikariPool-1 - Thread starvation or clock leap detected (housekeeper delta=16m30s940ms).
2025-12-22 03:47:22.002 [HikariPool-1 housekeeper] WARN  com.zaxxer.hikari.pool.HikariPool - HikariPool-1 - Thread starvation or clock leap detected (housekeeper delta=17m47s55ms).
2025-12-22 04:06:06.947 [HikariPool-1 housekeeper] WARN  com.zaxxer.hikari.pool.HikariPool - HikariPool-1 - Thread starvation or clock leap detected (housekeeper delta=18m14s957ms).
2025-12-22 04:22:51.875 [HikariPool-1 housekeeper] WARN  com.zaxxer.hikari.pool.HikariPool - HikariPool-1 - Thread starvation or clock leap detected (housekeeper delta=16m14s932ms).
2025-12-22 04:37:13.812 [HikariPool-1 housekeeper] WARN  com.zaxxer.hikari.pool.HikariPool - HikariPool-1 - Thread starvation or clock leap detected (housekeeper delta=14m21s937ms).
2025-12-22 04:54:08.823 [HikariPool-1 housekeeper] WARN  com.zaxxer.hikari.pool.HikariPool - HikariPool-1 - Thread starvation or clock leap detected (housekeeper delta=16m24s999ms).
2025-12-22 05:12:02.710 [HikariPool-1 housekeeper] WARN  com.zaxxer.hikari.pool.HikariPool - HikariPool-1 - Thread starvation or clock leap detected (housekeeper delta=17m53s888ms).
2025-12-22 05:29:05.301 [HikariPool-1 housekeeper] WARN  com.zaxxer.hikari.pool.HikariPool - HikariPool-1 - Thread starvation or clock leap detected (housekeeper delta=16m32s602ms).
2025-12-22 05:45:54.181 [HikariPool-1 housekeeper] WARN  com.zaxxer.hikari.pool.HikariPool - HikariPool-1 - Thread starvation or clock leap detected (housekeeper delta=16m48s880ms).
2025-12-22 06:02:45.139 [HikariPool-1 housekeeper] WARN  com.zaxxer.hikari.pool.HikariPool - HikariPool-1 - Thread starvation or clock leap detected (housekeeper delta=16m20s943ms).
2025-12-22 06:18:18.615 [HikariPool-1 housekeeper] WARN  com.zaxxer.hikari.pool.HikariPool - HikariPool-1 - Thread starvation or clock leap detected (housekeeper delta=15m33s476ms).
2025-12-22 06:34:58.619 [HikariPool-1 housekeeper] WARN  com.zaxxer.hikari.pool.HikariPool - HikariPool-1 - Thread starvation or clock leap detected (housekeeper delta=16m9s997ms).
2025-12-22 06:55:06.345 [HikariPool-1 housekeeper] WARN  com.zaxxer.hikari.pool.HikariPool - HikariPool-1 - Thread starvation or clock leap detected (housekeeper delta=19m37s717ms).
2025-12-22 07:11:52.280 [HikariPool-1 housekeeper] WARN  com.zaxxer.hikari.pool.HikariPool - HikariPool-1 - Thread starvation or clock leap detected (housekeeper delta=16m45s935ms).
2025-12-22 07:29:20.269 [HikariPool-1 housekeeper] WARN  com.zaxxer.hikari.pool.HikariPool - HikariPool-1 - Thread starvation or clock leap detected (housekeeper delta=16m57s978ms).
2025-12-22 07:39:36.541 [HikariPool-1 housekeeper] WARN  com.zaxxer.hikari.pool.HikariPool - HikariPool-1 - Thread starvation or clock leap detected (housekeeper delta=9m46s278ms).
2025-12-22 07:55:11.859 [HikariPool-1 housekeeper] WARN  com.zaxxer.hikari.pool.HikariPool - HikariPool-1 - Thread starvation or clock leap detected (housekeeper delta=15m35s318ms).
2025-12-22 08:11:58.842 [HikariPool-1 housekeeper] WARN  com.zaxxer.hikari.pool.HikariPool - HikariPool-1 - Thread starvation or clock leap detected (housekeeper delta=16m16s986ms).
2025-12-22 08:29:47.575 [HikariPool-1 housekeeper] WARN  com.zaxxer.hikari.pool.HikariPool - HikariPool-1 - Thread starvation or clock leap detected (housekeeper delta=17m48s733ms).
2025-12-22 08:40:31.624 [HikariPool-1 housekeeper] WARN  com.zaxxer.hikari.pool.HikariPool - HikariPool-1 - Thread starvation or clock leap detected (housekeeper delta=10m14s47ms).
2025-12-22 08:56:05.023 [HikariPool-1 housekeeper] WARN  com.zaxxer.hikari.pool.HikariPool - HikariPool-1 - Thread starvation or clock leap detected (housekeeper delta=15m33s399ms).
2025-12-22 09:10:20.472 [HikariPool-1 housekeeper] WARN  com.zaxxer.hikari.pool.HikariPool - HikariPool-1 - Thread starvation or clock leap detected (housekeeper delta=13m45s440ms).
2025-12-22 09:26:50.463 [HikariPool-1 housekeeper] WARN  com.zaxxer.hikari.pool.HikariPool - HikariPool-1 - Thread starvation or clock leap detected (housekeeper delta=16m29s991ms).
2025-12-22 09:40:09.494 [HikariPool-1 housekeeper] WARN  com.zaxxer.hikari.pool.HikariPool - HikariPool-1 - Thread starvation or clock leap detected (housekeeper delta=12m49s29ms).
2025-12-22 09:50:39.938 [HikariPool-1 housekeeper] WARN  com.zaxxer.hikari.pool.HikariPool - HikariPool-1 - Thread starvation or clock leap detected (housekeeper delta=10m30s444ms).
2025-12-22 10:06:17.362 [HikariPool-1 housekeeper] WARN  com.zaxxer.hikari.pool.HikariPool - HikariPool-1 - Thread starvation or clock leap detected (housekeeper delta=15m37s424ms).
2025-12-22 10:31:59.294 [HikariPool-1 housekeeper] WARN  com.zaxxer.hikari.pool.HikariPool - HikariPool-1 - Thread starvation or clock leap detected (housekeeper delta=25m41s932ms).
2025-12-22 15:08:34.204 [HikariPool-1 housekeeper] WARN  com.zaxxer.hikari.pool.HikariPool - HikariPool-1 - Retrograde clock change detected (housekeeper delta=27s950ms), soft-evicting connections from pool.
2025-12-22 20:10:46.211 [scheduled-task-1] INFO  com.leave.system.scheduled.ScheduledTasks - 🔄 开始每日工龄里程碑检测 (2025年)...
2025-12-22 20:10:46.214 [scheduled-task-1] INFO  c.l.s.service.impl.SeniorityAdjustmentServiceImpl - 🔍 开始检测2025年工龄里程碑追溯调整...
2025-12-22 20:10:46.251 [scheduled-task-1] INFO  com.leave.system.config.SqlLogInterceptor - ID          : com.leave.system.mapper.SysUserMapper.selectList
SQL         : SELECT id,username,password,real_name,employee_number,first_work_date,entry_date,social_seniority,role_id,dingtalk_userid,status,resignation_date,create_time,update_time,deleted FROM sys_user WHERE deleted=0 AND (status <> 'RESIGNED')
Time Taken  : 28 ms

2025-12-22 20:10:46.261 [scheduled-task-1] INFO  com.leave.system.config.SqlLogInterceptor - ID          : com.leave.system.mapper.SeniorityAdjustmentRecordMapper.selectCount
SQL         : SELECT COUNT( * ) AS total FROM seniority_adjustment_record WHERE (user_id = 1 AND milestone_years = 10 AND adjustment_year = 2025)
Time Taken  : 6 ms

2025-12-22 20:10:46.267 [scheduled-task-1] INFO  com.leave.system.config.SqlLogInterceptor - ID          : com.leave.system.mapper.LeaveAccountMapper.selectList
SQL         : SELECT id,user_id,year,social_seniority,standard_quota,days_employed,actual_quota,last_year_balance,last_year_used,current_year_used,deleted,total_balance FROM leave_account WHERE deleted=0 AND (user_id = 1 AND year = 2024)
Time Taken  : 4 ms

2025-12-22 20:10:46.267 [scheduled-task-1] DEBUG c.l.s.service.impl.SeniorityAdjustmentServiceImpl -   ⚠️  上年账户不存在，计算在职天数: 366
2025-12-22 20:10:46.273 [scheduled-task-1] INFO  com.leave.system.config.SqlLogInterceptor - ID          : com.leave.system.mapper.LeaveRecordMapper.selectList
SQL         : SELECT id,user_id,start_date,end_date,days,type,remarks,expiry_date,create_time,deleted FROM leave_record WHERE deleted=0 AND (user_id = 1 AND YEAR(start_date) = 2024 AND type IN ('ANNUAL','ADJUSTMENT_DEDUCT'))
Time Taken  : 5 ms

2025-12-22 20:10:46.276 [scheduled-task-1] INFO  com.leave.system.config.SqlLogInterceptor - ID          : com.leave.system.mapper.LeaveRecordMapper.selectList
SQL         : SELECT id,user_id,start_date,end_date,days,type,remarks,expiry_date,create_time,deleted FROM leave_record WHERE deleted=0 AND (user_id = 1 AND type = 'CARRY_OVER' AND YEAR(start_date) = 2025)
Time Taken  : 2 ms

2025-12-22 20:10:46.276 [scheduled-task-1] DEBUG c.l.s.service.impl.SeniorityAdjustmentServiceImpl -   💰 Administrator 补发计算: 上年在职366天, 旧额度5.0天, 新额度10.0天, 已用0天, 应有10.0天, 实际0天, 原始补发10.0天, 取整后10.0天
2025-12-22 20:10:46.277 [scheduled-task-1] INFO  com.leave.system.config.SqlLogInterceptor - ID          : com.leave.system.mapper.LeaveAccountMapper.selectList
SQL         : SELECT id,user_id,year,social_seniority,standard_quota,days_employed,actual_quota,last_year_balance,last_year_used,current_year_used,deleted,total_balance FROM leave_account WHERE deleted=0 AND (user_id = 1 AND year = 2025)
Time Taken  : 1 ms

2025-12-22 20:10:46.295 [scheduled-task-1] INFO  com.leave.system.config.SqlLogInterceptor - ID          : com.leave.system.mapper.LeaveAccountMapper.updateById
SQL         : UPDATE leave_account SET user_id=1, year=2025, social_seniority=10, standard_quota=10.0, days_employed=354, actual_quota=9.5, last_year_balance=13.0, last_year_used=0.0, current_year_used=1.0 WHERE id=1 AND deleted=0
Time Taken  : 18 ms

2025-12-22 20:10:46.295 [scheduled-task-1] INFO  c.l.s.service.impl.SeniorityAdjustmentServiceImpl -   📝 更新 leave_account: user_id=1, year=2025, last_year_balance: 3.0 → 13.0
2025-12-22 20:10:46.296 [scheduled-task-1] INFO  com.leave.system.config.SqlLogInterceptor - ID          : com.leave.system.mapper.LeaveRecordMapper.selectList
SQL         : SELECT id,user_id,start_date,end_date,days,type,remarks,expiry_date,create_time,deleted FROM leave_record WHERE deleted=0 AND (user_id = 1 AND type = 'CARRY_OVER' AND YEAR(start_date) = 2025)
Time Taken  : 1 ms

2025-12-22 20:10:46.296 [scheduled-task-1] WARN  c.l.s.service.impl.SeniorityAdjustmentServiceImpl -   ⚠️  未找到 CARRY_OVER 记录: user_id=1, year=2025
2025-12-22 20:10:46.325 [scheduled-task-1] INFO  com.leave.system.config.SqlLogInterceptor - ID          : com.leave.system.mapper.SeniorityAdjustmentRecordMapper.insert
SQL         : INSERT INTO seniority_adjustment_record ( user_id, adjustment_year, previous_year, milestone_years, milestone_date, old_quota, new_quota, quota_diff, previous_used, actual_carryover, should_carryover, compensation, expiry_date, issued_date, remarks, create_time ) VALUES ( 1, 2025, 2024, 10, 2025-12-01, 5.0, 10.0, 5.0, 0, 0, 10.0, 10.0, 2026-12-31, 2025-12-22T20:10:46.296854, '追溯调整2024年额度从5天调整为10天', 2025-12-22T20:10:46.300896 )
Time Taken  : 23 ms

2025-12-22 20:10:46.420 [scheduled-task-1] ERROR c.l.s.service.impl.SeniorityAdjustmentServiceImpl - ❌ 处理用户Administrator时出错: 
### Error updating database.  Cause: java.sql.SQLSyntaxErrorException: Unknown column 'expiry_date' in 'field list'
### The error may exist in com/leave/system/mapper/SeniorityAdjustmentRecordMapper.java (best guess)
### The error may involve com.leave.system.mapper.SeniorityAdjustmentRecordMapper.insert-Inline
### The error occurred while setting parameters
### SQL: INSERT INTO seniority_adjustment_record  ( user_id, adjustment_year, previous_year, milestone_years, milestone_date, old_quota, new_quota, quota_diff, previous_used, actual_carryover, should_carryover, compensation, expiry_date, issued_date, remarks, create_time )  VALUES (  ?, ?, ?, ?, ?, ?, ?, ?, ?, ?, ?, ?, ?, ?, ?, ?  )
### Cause: java.sql.SQLSyntaxErrorException: Unknown column 'expiry_date' in 'field list'
; bad SQL grammar []
org.springframework.jdbc.BadSqlGrammarException: 
### Error updating database.  Cause: java.sql.SQLSyntaxErrorException: Unknown column 'expiry_date' in 'field list'
### The error may exist in com/leave/system/mapper/SeniorityAdjustmentRecordMapper.java (best guess)
### The error may involve com.leave.system.mapper.SeniorityAdjustmentRecordMapper.insert-Inline
### The error occurred while setting parameters
### SQL: INSERT INTO seniority_adjustment_record  ( user_id, adjustment_year, previous_year, milestone_years, milestone_date, old_quota, new_quota, quota_diff, previous_used, actual_carryover, should_carryover, compensation, expiry_date, issued_date, remarks, create_time )  VALUES (  ?, ?, ?, ?, ?, ?, ?, ?, ?, ?, ?, ?, ?, ?, ?, ?  )
### Cause: java.sql.SQLSyntaxErrorException: Unknown column 'expiry_date' in 'field list'
; bad SQL grammar []
	at org.springframework.jdbc.support.SQLErrorCodeSQLExceptionTranslator.doTranslate(SQLErrorCodeSQLExceptionTranslator.java:246)
	at org.springframework.jdbc.support.AbstractFallbackSQLExceptionTranslator.translate(AbstractFallbackSQLExceptionTranslator.java:107)
	at org.mybatis.spring.MyBatisExceptionTranslator.translateExceptionIfPossible(MyBatisExceptionTranslator.java:92)
	at org.mybatis.spring.SqlSessionTemplate$SqlSessionInterceptor.invoke(SqlSessionTemplate.java:439)
	at jdk.proxy2/jdk.proxy2.$Proxy80.insert(Unknown Source)
	at org.mybatis.spring.SqlSessionTemplate.insert(SqlSessionTemplate.java:272)
	at com.baomidou.mybatisplus.core.override.MybatisMapperMethod.execute(MybatisMapperMethod.java:59)
	at com.baomidou.mybatisplus.core.override.MybatisMapperProxy$PlainMethodInvoker.invoke(MybatisMapperProxy.java:152)
	at com.baomidou.mybatisplus.core.override.MybatisMapperProxy.invoke(MybatisMapperProxy.java:89)
	at jdk.proxy2/jdk.proxy2.$Proxy94.insert(Unknown Source)
	at com.leave.system.service.impl.SeniorityAdjustmentServiceImpl.processAdjustment(SeniorityAdjustmentServiceImpl.java:338)
	at com.leave.system.service.impl.SeniorityAdjustmentServiceImpl.checkAndProcessMilestone(SeniorityAdjustmentServiceImpl.java:118)
	at com.leave.system.service.impl.SeniorityAdjustmentServiceImpl.detectAndAdjustMilestones(SeniorityAdjustmentServiceImpl.java:59)
	at java.base/jdk.internal.reflect.NativeMethodAccessorImpl.invoke0(Native Method)
	at java.base/jdk.internal.reflect.NativeMethodAccessorImpl.invoke(NativeMethodAccessorImpl.java:77)
	at java.base/jdk.internal.reflect.DelegatingMethodAccessorImpl.invoke(DelegatingMethodAccessorImpl.java:43)
	at java.base/java.lang.reflect.Method.invoke(Method.java:568)
	at org.springframework.aop.support.AopUtils.invokeJoinpointUsingReflection(AopUtils.java:352)
	at org.springframework.aop.framework.ReflectiveMethodInvocation.invokeJoinpoint(ReflectiveMethodInvocation.java:196)
	at org.springframework.aop.framework.ReflectiveMethodInvocation.proceed(ReflectiveMethodInvocation.java:163)
	at org.springframework.aop.framework.CglibAopProxy$CglibMethodInvocation.proceed(CglibAopProxy.java:765)
	at org.springframework.transaction.interceptor.TransactionInterceptor$1.proceedWithInvocation(TransactionInterceptor.java:123)
	at org.springframework.transaction.interceptor.TransactionAspectSupport.invokeWithinTransaction(TransactionAspectSupport.java:385)
	at org.springframework.transaction.interceptor.TransactionInterceptor.invoke(TransactionInterceptor.java:119)
	at org.springframework.aop.framework.ReflectiveMethodInvocation.proceed(ReflectiveMethodInvocation.java:184)
	at org.springframework.aop.framework.CglibAopProxy$CglibMethodInvocation.proceed(CglibAopProxy.java:765)
	at org.springframework.aop.framework.CglibAopProxy$DynamicAdvisedInterceptor.intercept(CglibAopProxy.java:717)
	at com.leave.system.service.impl.SeniorityAdjustmentServiceImpl$$SpringCGLIB$$0.detectAndAdjustMilestones(<generated>)
	at com.leave.system.scheduled.ScheduledTasks.dailySeniorityAdjustment(ScheduledTasks.java:179)
	at java.base/jdk.internal.reflect.NativeMethodAccessorImpl.invoke0(Native Method)
	at java.base/jdk.internal.reflect.NativeMethodAccessorImpl.invoke(NativeMethodAccessorImpl.java:77)
	at java.base/jdk.internal.reflect.DelegatingMethodAccessorImpl.invoke(DelegatingMethodAccessorImpl.java:43)
	at java.base/java.lang.reflect.Method.invoke(Method.java:568)
	at org.springframework.aop.support.AopUtils.invokeJoinpointUsingReflection(AopUtils.java:352)
	at org.springframework.aop.framework.ReflectiveMethodInvocation.invokeJoinpoint(ReflectiveMethodInvocation.java:196)
	at org.springframework.aop.framework.ReflectiveMethodInvocation.proceed(ReflectiveMethodInvocation.java:163)
	at org.springframework.aop.framework.CglibAopProxy$CglibMethodInvocation.proceed(CglibAopProxy.java:765)
	at org.springframework.transaction.interceptor.TransactionInterceptor$1.proceedWithInvocation(TransactionInterceptor.java:123)
	at org.springframework.transaction.interceptor.TransactionAspectSupport.invokeWithinTransaction(TransactionAspectSupport.java:385)
	at org.springframework.transaction.interceptor.TransactionInterceptor.invoke(TransactionInterceptor.java:119)
	at org.springframework.aop.framework.ReflectiveMethodInvocation.proceed(ReflectiveMethodInvocation.java:184)
	at org.springframework.aop.framework.CglibAopProxy$CglibMethodInvocation.proceed(CglibAopProxy.java:765)
	at org.springframework.aop.framework.CglibAopProxy$DynamicAdvisedInterceptor.intercept(CglibAopProxy.java:717)
	at com.leave.system.scheduled.ScheduledTasks$$SpringCGLIB$$0.dailySeniorityAdjustment(<generated>)
	at java.base/jdk.internal.reflect.NativeMethodAccessorImpl.invoke0(Native Method)
	at java.base/jdk.internal.reflect.NativeMethodAccessorImpl.invoke(NativeMethodAccessorImpl.java:77)
	at java.base/jdk.internal.reflect.DelegatingMethodAccessorImpl.invoke(DelegatingMethodAccessorImpl.java:43)
	at java.base/java.lang.reflect.Method.invoke(Method.java:568)
	at org.springframework.scheduling.support.ScheduledMethodRunnable.runInternal(ScheduledMethodRunnable.java:130)
	at org.springframework.scheduling.support.ScheduledMethodRunnable.lambda$run$2(ScheduledMethodRunnable.java:124)
	at io.micrometer.observation.Observation.observe(Observation.java:499)
	at org.springframework.scheduling.support.ScheduledMethodRunnable.run(ScheduledMethodRunnable.java:124)
	at org.springframework.scheduling.support.DelegatingErrorHandlingRunnable.run(DelegatingErrorHandlingRunnable.java:54)
	at org.springframework.scheduling.concurrent.ReschedulingRunnable.run(ReschedulingRunnable.java:96)
	at java.base/java.util.concurrent.Executors$RunnableAdapter.call(Executors.java:539)
	at java.base/java.util.concurrent.FutureTask.run(FutureTask.java:264)
	at java.base/java.util.concurrent.ScheduledThreadPoolExecutor$ScheduledFutureTask.run(ScheduledThreadPoolExecutor.java:304)
	at java.base/java.util.concurrent.ThreadPoolExecutor.runWorker(ThreadPoolExecutor.java:1136)
	at java.base/java.util.concurrent.ThreadPoolExecutor$Worker.run(ThreadPoolExecutor.java:635)
	at java.base/java.lang.Thread.run(Thread.java:833)
Caused by: java.sql.SQLSyntaxErrorException: Unknown column 'expiry_date' in 'field list'
	at com.mysql.cj.jdbc.exceptions.SQLError.createSQLException(SQLError.java:121)
	at com.mysql.cj.jdbc.exceptions.SQLExceptionsMapping.translateException(SQLExceptionsMapping.java:122)
	at com.mysql.cj.jdbc.ClientPreparedStatement.executeInternal(ClientPreparedStatement.java:916)
	at com.mysql.cj.jdbc.ClientPreparedStatement.execute(ClientPreparedStatement.java:354)
	at com.zaxxer.hikari.pool.ProxyPreparedStatement.execute(ProxyPreparedStatement.java:44)
	at com.zaxxer.hikari.pool.HikariProxyPreparedStatement.execute(HikariProxyPreparedStatement.java)
	at org.apache.ibatis.executor.statement.PreparedStatementHandler.update(PreparedStatementHandler.java:48)
	at org.apache.ibatis.executor.statement.RoutingStatementHandler.update(RoutingStatementHandler.java:75)
	at java.base/jdk.internal.reflect.NativeMethodAccessorImpl.invoke0(Native Method)
	at java.base/jdk.internal.reflect.NativeMethodAccessorImpl.invoke(NativeMethodAccessorImpl.java:77)
	at java.base/jdk.internal.reflect.DelegatingMethodAccessorImpl.invoke(DelegatingMethodAccessorImpl.java:43)
	at java.base/java.lang.reflect.Method.invoke(Method.java:568)
	at org.apache.ibatis.plugin.Plugin.invoke(Plugin.java:61)
	at jdk.proxy2/jdk.proxy2.$Proxy99.update(Unknown Source)
	at org.apache.ibatis.executor.SimpleExecutor.doUpdate(SimpleExecutor.java:50)
	at org.apache.ibatis.executor.BaseExecutor.update(BaseExecutor.java:117)
	at org.apache.ibatis.executor.CachingExecutor.update(CachingExecutor.java:76)
	at java.base/jdk.internal.reflect.NativeMethodAccessorImpl.invoke0(Native Method)
	at java.base/jdk.internal.reflect.NativeMethodAccessorImpl.invoke(NativeMethodAccessorImpl.java:77)
	at java.base/jdk.internal.reflect.DelegatingMethodAccessorImpl.invoke(DelegatingMethodAccessorImpl.java:43)
	at java.base/java.lang.reflect.Method.invoke(Method.java:568)
	at org.apache.ibatis.plugin.Invocation.proceed(Invocation.java:49)
	at com.leave.system.config.SqlLogInterceptor.intercept(SqlLogInterceptor.java:40)
	at org.apache.ibatis.plugin.Plugin.invoke(Plugin.java:59)
	at jdk.proxy2/jdk.proxy2.$Proxy98.update(Unknown Source)
	at java.base/jdk.internal.reflect.NativeMethodAccessorImpl.invoke0(Native Method)
	at java.base/jdk.internal.reflect.NativeMethodAccessorImpl.invoke(NativeMethodAccessorImpl.java:77)
	at java.base/jdk.internal.reflect.DelegatingMethodAccessorImpl.invoke(DelegatingMethodAccessorImpl.java:43)
	at java.base/java.lang.reflect.Method.invoke(Method.java:568)
	at org.apache.ibatis.plugin.Invocation.proceed(Invocation.java:49)
	at com.baomidou.mybatisplus.extension.plugins.MybatisPlusInterceptor.intercept(MybatisPlusInterceptor.java:106)
	at org.apache.ibatis.plugin.Plugin.invoke(Plugin.java:59)
	at jdk.proxy2/jdk.proxy2.$Proxy98.update(Unknown Source)
	at org.apache.ibatis.session.defaults.DefaultSqlSession.update(DefaultSqlSession.java:197)
	at org.apache.ibatis.session.defaults.DefaultSqlSession.insert(DefaultSqlSession.java:184)
	at java.base/jdk.internal.reflect.NativeMethodAccessorImpl.invoke0(Native Method)
	at java.base/jdk.internal.reflect.NativeMethodAccessorImpl.invoke(NativeMethodAccessorImpl.java:77)
	at java.base/jdk.internal.reflect.DelegatingMethodAccessorImpl.invoke(DelegatingMethodAccessorImpl.java:43)
	at java.base/java.lang.reflect.Method.invoke(Method.java:568)
	at org.mybatis.spring.SqlSessionTemplate$SqlSessionInterceptor.invoke(SqlSessionTemplate.java:425)
	... 56 common frames omitted
2025-12-22 20:10:46.427 [scheduled-task-1] INFO  com.leave.system.config.SqlLogInterceptor - ID          : com.leave.system.mapper.SeniorityAdjustmentRecordMapper.selectCount
SQL         : SELECT COUNT( * ) AS total FROM seniority_adjustment_record WHERE (user_id = 2 AND milestone_years = 10 AND adjustment_year = 2025)
Time Taken  : 1 ms

2025-12-22 20:10:46.427 [scheduled-task-1] INFO  com.leave.system.config.SqlLogInterceptor - ID          : com.leave.system.mapper.LeaveAccountMapper.selectList
SQL         : SELECT id,user_id,year,social_seniority,standard_quota,days_employed,actual_quota,last_year_balance,last_year_used,current_year_used,deleted,total_balance FROM leave_account WHERE deleted=0 AND (user_id = 2 AND year = 2024)
Time Taken  : 0 ms

2025-12-22 20:10:46.428 [scheduled-task-1] DEBUG c.l.s.service.impl.SeniorityAdjustmentServiceImpl -   ⚠️  上年账户不存在，计算在职天数: 366
2025-12-22 20:10:46.428 [scheduled-task-1] INFO  com.leave.system.config.SqlLogInterceptor - ID          : com.leave.system.mapper.LeaveRecordMapper.selectList
SQL         : SELECT id,user_id,start_date,end_date,days,type,remarks,expiry_date,create_time,deleted FROM leave_record WHERE deleted=0 AND (user_id = 2 AND YEAR(start_date) = 2024 AND type IN ('ANNUAL','ADJUSTMENT_DEDUCT'))
Time Taken  : 0 ms

2025-12-22 20:10:46.429 [scheduled-task-1] INFO  com.leave.system.config.SqlLogInterceptor - ID          : com.leave.system.mapper.LeaveRecordMapper.selectList
SQL         : SELECT id,user_id,start_date,end_date,days,type,remarks,expiry_date,create_time,deleted FROM leave_record WHERE deleted=0 AND (user_id = 2 AND type = 'CARRY_OVER' AND YEAR(start_date) = 2025)
Time Taken  : 1 ms

2025-12-22 20:10:46.429 [scheduled-task-1] DEBUG c.l.s.service.impl.SeniorityAdjustmentServiceImpl -   💰 张宁博 补发计算: 上年在职366天, 旧额度5.0天, 新额度10.0天, 已用0天, 应有10.0天, 实际0天, 原始补发10.0天, 取整后10.0天
2025-12-22 20:10:46.429 [scheduled-task-1] INFO  com.leave.system.config.SqlLogInterceptor - ID          : com.leave.system.mapper.LeaveAccountMapper.selectList
SQL         : SELECT id,user_id,year,social_seniority,standard_quota,days_employed,actual_quota,last_year_balance,last_year_used,current_year_used,deleted,total_balance FROM leave_account WHERE deleted=0 AND (user_id = 2 AND year = 2025)
Time Taken  : 0 ms

2025-12-22 20:10:46.430 [scheduled-task-1] INFO  com.leave.system.config.SqlLogInterceptor - ID          : com.leave.system.mapper.LeaveAccountMapper.updateById
SQL         : UPDATE leave_account SET user_id=2, year=2025, social_seniority=10, standard_quota=10.0, days_employed=354, actual_quota=9.5, last_year_balance=15.0, last_year_used=0.0, current_year_used=0.0 WHERE id=4 AND deleted=0
Time Taken  : 1 ms

2025-12-22 20:10:46.430 [scheduled-task-1] INFO  c.l.s.service.impl.SeniorityAdjustmentServiceImpl -   📝 更新 leave_account: user_id=2, year=2025, last_year_balance: 5.0 → 15.0
2025-12-22 20:10:46.431 [scheduled-task-1] INFO  com.leave.system.config.SqlLogInterceptor - ID          : com.leave.system.mapper.LeaveRecordMapper.selectList
SQL         : SELECT id,user_id,start_date,end_date,days,type,remarks,expiry_date,create_time,deleted FROM leave_record WHERE deleted=0 AND (user_id = 2 AND type = 'CARRY_OVER' AND YEAR(start_date) = 2025)
Time Taken  : 1 ms

2025-12-22 20:10:46.431 [scheduled-task-1] WARN  c.l.s.service.impl.SeniorityAdjustmentServiceImpl -   ⚠️  未找到 CARRY_OVER 记录: user_id=2, year=2025
2025-12-22 20:10:46.432 [scheduled-task-1] INFO  com.leave.system.config.SqlLogInterceptor - ID          : com.leave.system.mapper.SeniorityAdjustmentRecordMapper.insert
SQL         : INSERT INTO seniority_adjustment_record ( user_id, adjustment_year, previous_year, milestone_years, milestone_date, old_quota, new_quota, quota_diff, previous_used, actual_carryover, should_carryover, compensation, expiry_date, issued_date, remarks, create_time ) VALUES ( 2, 2025, 2024, 10, 2025-12-15, 5.0, 10.0, 5.0, 0, 0, 10.0, 10.0, 2026-12-31, 2025-12-22T20:10:46.431543, '追溯调整2024年额度从5天调整为10天', 2025-12-22T20:10:46.431614 )
Time Taken  : 1 ms

2025-12-22 20:10:46.432 [scheduled-task-1] ERROR c.l.s.service.impl.SeniorityAdjustmentServiceImpl - ❌ 处理用户张宁博时出错: 
### Error updating database.  Cause: java.sql.SQLSyntaxErrorException: Unknown column 'expiry_date' in 'field list'
### The error may exist in com/leave/system/mapper/SeniorityAdjustmentRecordMapper.java (best guess)
### The error may involve com.leave.system.mapper.SeniorityAdjustmentRecordMapper.insert-Inline
### The error occurred while setting parameters
### SQL: INSERT INTO seniority_adjustment_record  ( user_id, adjustment_year, previous_year, milestone_years, milestone_date, old_quota, new_quota, quota_diff, previous_used, actual_carryover, should_carryover, compensation, expiry_date, issued_date, remarks, create_time )  VALUES (  ?, ?, ?, ?, ?, ?, ?, ?, ?, ?, ?, ?, ?, ?, ?, ?  )
### Cause: java.sql.SQLSyntaxErrorException: Unknown column 'expiry_date' in 'field list'
; bad SQL grammar []
org.springframework.jdbc.BadSqlGrammarException: 
### Error updating database.  Cause: java.sql.SQLSyntaxErrorException: Unknown column 'expiry_date' in 'field list'
### The error may exist in com/leave/system/mapper/SeniorityAdjustmentRecordMapper.java (best guess)
### The error may involve com.leave.system.mapper.SeniorityAdjustmentRecordMapper.insert-Inline
### The error occurred while setting parameters
### SQL: INSERT INTO seniority_adjustment_record  ( user_id, adjustment_year, previous_year, milestone_years, milestone_date, old_quota, new_quota, quota_diff, previous_used, actual_carryover, should_carryover, compensation, expiry_date, issued_date, remarks, create_time )  VALUES (  ?, ?, ?, ?, ?, ?, ?, ?, ?, ?, ?, ?, ?, ?, ?, ?  )
### Cause: java.sql.SQLSyntaxErrorException: Unknown column 'expiry_date' in 'field list'
; bad SQL grammar []
	at org.springframework.jdbc.support.SQLErrorCodeSQLExceptionTranslator.doTranslate(SQLErrorCodeSQLExceptionTranslator.java:246)
	at org.springframework.jdbc.support.AbstractFallbackSQLExceptionTranslator.translate(AbstractFallbackSQLExceptionTranslator.java:107)
	at org.mybatis.spring.MyBatisExceptionTranslator.translateExceptionIfPossible(MyBatisExceptionTranslator.java:92)
	at org.mybatis.spring.SqlSessionTemplate$SqlSessionInterceptor.invoke(SqlSessionTemplate.java:439)
	at jdk.proxy2/jdk.proxy2.$Proxy80.insert(Unknown Source)
	at org.mybatis.spring.SqlSessionTemplate.insert(SqlSessionTemplate.java:272)
	at com.baomidou.mybatisplus.core.override.MybatisMapperMethod.execute(MybatisMapperMethod.java:59)
	at com.baomidou.mybatisplus.core.override.MybatisMapperProxy$PlainMethodInvoker.invoke(MybatisMapperProxy.java:152)
	at com.baomidou.mybatisplus.core.override.MybatisMapperProxy.invoke(MybatisMapperProxy.java:89)
	at jdk.proxy2/jdk.proxy2.$Proxy94.insert(Unknown Source)
	at com.leave.system.service.impl.SeniorityAdjustmentServiceImpl.processAdjustment(SeniorityAdjustmentServiceImpl.java:338)
	at com.leave.system.service.impl.SeniorityAdjustmentServiceImpl.checkAndProcessMilestone(SeniorityAdjustmentServiceImpl.java:118)
	at com.leave.system.service.impl.SeniorityAdjustmentServiceImpl.detectAndAdjustMilestones(SeniorityAdjustmentServiceImpl.java:59)
	at java.base/jdk.internal.reflect.NativeMethodAccessorImpl.invoke0(Native Method)
	at java.base/jdk.internal.reflect.NativeMethodAccessorImpl.invoke(NativeMethodAccessorImpl.java:77)
	at java.base/jdk.internal.reflect.DelegatingMethodAccessorImpl.invoke(DelegatingMethodAccessorImpl.java:43)
	at java.base/java.lang.reflect.Method.invoke(Method.java:568)
	at org.springframework.aop.support.AopUtils.invokeJoinpointUsingReflection(AopUtils.java:352)
	at org.springframework.aop.framework.ReflectiveMethodInvocation.invokeJoinpoint(ReflectiveMethodInvocation.java:196)
	at org.springframework.aop.framework.ReflectiveMethodInvocation.proceed(ReflectiveMethodInvocation.java:163)
	at org.springframework.aop.framework.CglibAopProxy$CglibMethodInvocation.proceed(CglibAopProxy.java:765)
	at org.springframework.transaction.interceptor.TransactionInterceptor$1.proceedWithInvocation(TransactionInterceptor.java:123)
	at org.springframework.transaction.interceptor.TransactionAspectSupport.invokeWithinTransaction(TransactionAspectSupport.java:385)
	at org.springframework.transaction.interceptor.TransactionInterceptor.invoke(TransactionInterceptor.java:119)
	at org.springframework.aop.framework.ReflectiveMethodInvocation.proceed(ReflectiveMethodInvocation.java:184)
	at org.springframework.aop.framework.CglibAopProxy$CglibMethodInvocation.proceed(CglibAopProxy.java:765)
	at org.springframework.aop.framework.CglibAopProxy$DynamicAdvisedInterceptor.intercept(CglibAopProxy.java:717)
	at com.leave.system.service.impl.SeniorityAdjustmentServiceImpl$$SpringCGLIB$$0.detectAndAdjustMilestones(<generated>)
	at com.leave.system.scheduled.ScheduledTasks.dailySeniorityAdjustment(ScheduledTasks.java:179)
	at java.base/jdk.internal.reflect.NativeMethodAccessorImpl.invoke0(Native Method)
	at java.base/jdk.internal.reflect.NativeMethodAccessorImpl.invoke(NativeMethodAccessorImpl.java:77)
	at java.base/jdk.internal.reflect.DelegatingMethodAccessorImpl.invoke(DelegatingMethodAccessorImpl.java:43)
	at java.base/java.lang.reflect.Method.invoke(Method.java:568)
	at org.springframework.aop.support.AopUtils.invokeJoinpointUsingReflection(AopUtils.java:352)
	at org.springframework.aop.framework.ReflectiveMethodInvocation.invokeJoinpoint(ReflectiveMethodInvocation.java:196)
	at org.springframework.aop.framework.ReflectiveMethodInvocation.proceed(ReflectiveMethodInvocation.java:163)
	at org.springframework.aop.framework.CglibAopProxy$CglibMethodInvocation.proceed(CglibAopProxy.java:765)
	at org.springframework.transaction.interceptor.TransactionInterceptor$1.proceedWithInvocation(TransactionInterceptor.java:123)
	at org.springframework.transaction.interceptor.TransactionAspectSupport.invokeWithinTransaction(TransactionAspectSupport.java:385)
	at org.springframework.transaction.interceptor.TransactionInterceptor.invoke(TransactionInterceptor.java:119)
	at org.springframework.aop.framework.ReflectiveMethodInvocation.proceed(ReflectiveMethodInvocation.java:184)
	at org.springframework.aop.framework.CglibAopProxy$CglibMethodInvocation.proceed(CglibAopProxy.java:765)
	at org.springframework.aop.framework.CglibAopProxy$DynamicAdvisedInterceptor.intercept(CglibAopProxy.java:717)
	at com.leave.system.scheduled.ScheduledTasks$$SpringCGLIB$$0.dailySeniorityAdjustment(<generated>)
	at java.base/jdk.internal.reflect.NativeMethodAccessorImpl.invoke0(Native Method)
	at java.base/jdk.internal.reflect.NativeMethodAccessorImpl.invoke(NativeMethodAccessorImpl.java:77)
	at java.base/jdk.internal.reflect.DelegatingMethodAccessorImpl.invoke(DelegatingMethodAccessorImpl.java:43)
	at java.base/java.lang.reflect.Method.invoke(Method.java:568)
	at org.springframework.scheduling.support.ScheduledMethodRunnable.runInternal(ScheduledMethodRunnable.java:130)
	at org.springframework.scheduling.support.ScheduledMethodRunnable.lambda$run$2(ScheduledMethodRunnable.java:124)
	at io.micrometer.observation.Observation.observe(Observation.java:499)
	at org.springframework.scheduling.support.ScheduledMethodRunnable.run(ScheduledMethodRunnable.java:124)
	at org.springframework.scheduling.support.DelegatingErrorHandlingRunnable.run(DelegatingErrorHandlingRunnable.java:54)
	at org.springframework.scheduling.concurrent.ReschedulingRunnable.run(ReschedulingRunnable.java:96)
	at java.base/java.util.concurrent.Executors$RunnableAdapter.call(Executors.java:539)
	at java.base/java.util.concurrent.FutureTask.run(FutureTask.java:264)
	at java.base/java.util.concurrent.ScheduledThreadPoolExecutor$ScheduledFutureTask.run(ScheduledThreadPoolExecutor.java:304)
	at java.base/java.util.concurrent.ThreadPoolExecutor.runWorker(ThreadPoolExecutor.java:1136)
	at java.base/java.util.concurrent.ThreadPoolExecutor$Worker.run(ThreadPoolExecutor.java:635)
	at java.base/java.lang.Thread.run(Thread.java:833)
Caused by: java.sql.SQLSyntaxErrorException: Unknown column 'expiry_date' in 'field list'
	at com.mysql.cj.jdbc.exceptions.SQLError.createSQLException(SQLError.java:121)
	at com.mysql.cj.jdbc.exceptions.SQLExceptionsMapping.translateException(SQLExceptionsMapping.java:122)
	at com.mysql.cj.jdbc.ClientPreparedStatement.executeInternal(ClientPreparedStatement.java:916)
	at com.mysql.cj.jdbc.ClientPreparedStatement.execute(ClientPreparedStatement.java:354)
	at com.zaxxer.hikari.pool.ProxyPreparedStatement.execute(ProxyPreparedStatement.java:44)
	at com.zaxxer.hikari.pool.HikariProxyPreparedStatement.execute(HikariProxyPreparedStatement.java)
	at org.apache.ibatis.executor.statement.PreparedStatementHandler.update(PreparedStatementHandler.java:48)
	at org.apache.ibatis.executor.statement.RoutingStatementHandler.update(RoutingStatementHandler.java:75)
	at java.base/jdk.internal.reflect.NativeMethodAccessorImpl.invoke0(Native Method)
	at java.base/jdk.internal.reflect.NativeMethodAccessorImpl.invoke(NativeMethodAccessorImpl.java:77)
	at java.base/jdk.internal.reflect.DelegatingMethodAccessorImpl.invoke(DelegatingMethodAccessorImpl.java:43)
	at java.base/java.lang.reflect.Method.invoke(Method.java:568)
	at org.apache.ibatis.plugin.Plugin.invoke(Plugin.java:61)
	at jdk.proxy2/jdk.proxy2.$Proxy99.update(Unknown Source)
	at org.apache.ibatis.executor.SimpleExecutor.doUpdate(SimpleExecutor.java:50)
	at org.apache.ibatis.executor.BaseExecutor.update(BaseExecutor.java:117)
	at org.apache.ibatis.executor.CachingExecutor.update(CachingExecutor.java:76)
	at java.base/jdk.internal.reflect.NativeMethodAccessorImpl.invoke0(Native Method)
	at java.base/jdk.internal.reflect.NativeMethodAccessorImpl.invoke(NativeMethodAccessorImpl.java:77)
	at java.base/jdk.internal.reflect.DelegatingMethodAccessorImpl.invoke(DelegatingMethodAccessorImpl.java:43)
	at java.base/java.lang.reflect.Method.invoke(Method.java:568)
	at org.apache.ibatis.plugin.Invocation.proceed(Invocation.java:49)
	at com.leave.system.config.SqlLogInterceptor.intercept(SqlLogInterceptor.java:40)
	at org.apache.ibatis.plugin.Plugin.invoke(Plugin.java:59)
	at jdk.proxy2/jdk.proxy2.$Proxy98.update(Unknown Source)
	at java.base/jdk.internal.reflect.NativeMethodAccessorImpl.invoke0(Native Method)
	at java.base/jdk.internal.reflect.NativeMethodAccessorImpl.invoke(NativeMethodAccessorImpl.java:77)
	at java.base/jdk.internal.reflect.DelegatingMethodAccessorImpl.invoke(DelegatingMethodAccessorImpl.java:43)
	at java.base/java.lang.reflect.Method.invoke(Method.java:568)
	at org.apache.ibatis.plugin.Invocation.proceed(Invocation.java:49)
	at com.baomidou.mybatisplus.extension.plugins.MybatisPlusInterceptor.intercept(MybatisPlusInterceptor.java:106)
	at org.apache.ibatis.plugin.Plugin.invoke(Plugin.java:59)
	at jdk.proxy2/jdk.proxy2.$Proxy98.update(Unknown Source)
	at org.apache.ibatis.session.defaults.DefaultSqlSession.update(DefaultSqlSession.java:197)
	at org.apache.ibatis.session.defaults.DefaultSqlSession.insert(DefaultSqlSession.java:184)
	at java.base/jdk.internal.reflect.NativeMethodAccessorImpl.invoke0(Native Method)
	at java.base/jdk.internal.reflect.NativeMethodAccessorImpl.invoke(NativeMethodAccessorImpl.java:77)
	at java.base/jdk.internal.reflect.DelegatingMethodAccessorImpl.invoke(DelegatingMethodAccessorImpl.java:43)
	at java.base/java.lang.reflect.Method.invoke(Method.java:568)
	at org.mybatis.spring.SqlSessionTemplate$SqlSessionInterceptor.invoke(SqlSessionTemplate.java:425)
	... 56 common frames omitted
2025-12-22 20:10:46.433 [scheduled-task-1] INFO  c.l.s.service.impl.SeniorityAdjustmentServiceImpl - ✅ 检测完成: 0人获得补发, 0人跳过, 总补发0天
2025-12-22 21:45:38.080 [HikariPool-1 housekeeper] WARN  com.zaxxer.hikari.pool.HikariPool - HikariPool-1 - Retrograde clock change detected (housekeeper delta=27s835ms), soft-evicting connections from pool.
